<?xml version="1.0" encoding="UTF-8" ?>
<testsuite failures="0" time="0.001" errors="0" skipped="0" tests="13" name="aima.test.core.unit.environment.cellworld.CellWorldTest">
  <properties>
    <property name="java.runtime.name" value="Java(TM) SE Runtime Environment"/>
    <property name="sun.boot.library.path" value="/Library/Java/JavaVirtualMachines/jdk1.7.0_25.jdk/Contents/Home/jre/lib"/>
    <property name="java.vm.version" value="23.25-b01"/>
    <property name="gopherProxySet" value="false"/>
    <property name="java.vm.vendor" value="Oracle Corporation"/>
    <property name="java.vendor.url" value="http://java.oracle.com/"/>
    <property name="path.separator" value=":"/>
    <property name="guice.disable.misplaced.annotation.check" value="true"/>
    <property name="java.vm.name" value="Java HotSpot(TM) 64-Bit Server VM"/>
    <property name="file.encoding.pkg" value="sun.io"/>
    <property name="user.country" value="US"/>
    <property name="sun.java.launcher" value="SUN_STANDARD"/>
    <property name="sun.os.patch.level" value="unknown"/>
    <property name="java.vm.specification.name" value="Java Virtual Machine Specification"/>
    <property name="user.dir" value="/Users/zhongjiezheng/Desktop/test/aima-java-1/aima-core"/>
    <property name="java.runtime.version" value="1.7.0_25-b15"/>
    <property name="java.awt.graphicsenv" value="sun.awt.CGraphicsEnvironment"/>
    <property name="java.endorsed.dirs" value="/Library/Java/JavaVirtualMachines/jdk1.7.0_25.jdk/Contents/Home/jre/lib/endorsed"/>
    <property name="os.arch" value="x86_64"/>
    <property name="java.io.tmpdir" value="/var/folders/81/mtbclk5j225b0zzf5rvmprd40000gn/T/"/>
    <property name="line.separator" value="
"/>
    <property name="java.vm.specification.vendor" value="Oracle Corporation"/>
    <property name="os.name" value="Mac OS X"/>
    <property name="classworlds.conf" value="/Applications/NetBeans/NetBeans 7.3.1.app/Contents/Resources/NetBeans/java/maven/bin/m2.conf"/>
    <property name="sun.jnu.encoding" value="US-ASCII"/>
    <property name="java.library.path" value="/Users/zhongjiezheng/Library/Java/Extensions:/Library/Java/Extensions:/Network/Library/Java/Extensions:/System/Library/Java/Extensions:/usr/lib/java:."/>
    <property name="java.specification.name" value="Java Platform API Specification"/>
    <property name="java.class.version" value="51.0"/>
    <property name="sun.management.compiler" value="HotSpot 64-Bit Tiered Compilers"/>
    <property name="os.version" value="10.9.5"/>
    <property name="user.home" value="/Users/zhongjiezheng"/>
    <property name="user.timezone" value="America/Chicago"/>
    <property name="java.awt.printerjob" value="sun.lwawt.macosx.CPrinterJob"/>
    <property name="file.encoding" value="US-ASCII"/>
    <property name="java.specification.version" value="1.7"/>
    <property name="user.name" value="zhongjiezheng"/>
    <property name="java.class.path" value="/Applications/NetBeans/NetBeans 7.3.1.app/Contents/Resources/NetBeans/java/maven/boot/plexus-classworlds-2.4.jar"/>
    <property name="java.vm.specification.version" value="1.7"/>
    <property name="sun.arch.data.model" value="64"/>
    <property name="java.home" value="/Library/Java/JavaVirtualMachines/jdk1.7.0_25.jdk/Contents/Home/jre"/>
    <property name="sun.java.command" value="org.codehaus.plexus.classworlds.launcher.Launcher --fail-at-end install"/>
    <property name="java.specification.vendor" value="Oracle Corporation"/>
    <property name="user.language" value="en"/>
    <property name="awt.toolkit" value="sun.lwawt.macosx.LWCToolkit"/>
    <property name="java.vm.info" value="mixed mode"/>
    <property name="java.version" value="1.7.0_25"/>
    <property name="java.ext.dirs" value="/Users/zhongjiezheng/Library/Java/Extensions:/Library/Java/JavaVirtualMachines/jdk1.7.0_25.jdk/Contents/Home/jre/lib/ext:/Library/Java/Extensions:/Network/Library/Java/Extensions:/System/Library/Java/Extensions:/usr/lib/java"/>
    <property name="sun.boot.class.path" value="/Library/Java/JavaVirtualMachines/jdk1.7.0_25.jdk/Contents/Home/jre/lib/resources.jar:/Library/Java/JavaVirtualMachines/jdk1.7.0_25.jdk/Contents/Home/jre/lib/rt.jar:/Library/Java/JavaVirtualMachines/jdk1.7.0_25.jdk/Contents/Home/jre/lib/sunrsasign.jar:/Library/Java/JavaVirtualMachines/jdk1.7.0_25.jdk/Contents/Home/jre/lib/jsse.jar:/Library/Java/JavaVirtualMachines/jdk1.7.0_25.jdk/Contents/Home/jre/lib/jce.jar:/Library/Java/JavaVirtualMachines/jdk1.7.0_25.jdk/Contents/Home/jre/lib/charsets.jar:/Library/Java/JavaVirtualMachines/jdk1.7.0_25.jdk/Contents/Home/jre/lib/jfr.jar:/Library/Java/JavaVirtualMachines/jdk1.7.0_25.jdk/Contents/Home/jre/lib/JObjC.jar:/Library/Java/JavaVirtualMachines/jdk1.7.0_25.jdk/Contents/Home/jre/classes"/>
    <property name="java.vendor" value="Oracle Corporation"/>
    <property name="maven.home" value="/Applications/NetBeans/NetBeans 7.3.1.app/Contents/Resources/NetBeans/java/maven"/>
    <property name="file.separator" value="/"/>
    <property name="java.vendor.url.bug" value="http://bugreport.sun.com/bugreport/"/>
    <property name="sun.cpu.endian" value="little"/>
    <property name="sun.io.unicode.encoding" value="UnicodeBig"/>
    <property name="sun.cpu.isalist" value=""/>
  </properties>
  <testcase time="0" classname="aima.test.core.unit.environment.cellworld.CellWorldTest" name="testMoveRightIntoRemovedCellLeavesPositionUnchanged"/>
  <testcase time="0" classname="aima.test.core.unit.environment.cellworld.CellWorldTest" name="testMoveDownIntoRemovedCellLeavesPositionUnchanged"/>
  <testcase time="0" classname="aima.test.core.unit.environment.cellworld.CellWorldTest" name="testMoveUpIntoRemovedCellLeavesPositionUnchanged"/>
  <testcase time="0" classname="aima.test.core.unit.environment.cellworld.CellWorldTest" name="testMoveLeftIntoWallLeavesPositionUnchanged"/>
  <testcase time="0" classname="aima.test.core.unit.environment.cellworld.CellWorldTest" name="testNumberOfCells"/>
  <testcase time="0" classname="aima.test.core.unit.environment.cellworld.CellWorldTest" name="testMoveRightIntoWallLeavesPositionUnchanged"/>
  <testcase time="0" classname="aima.test.core.unit.environment.cellworld.CellWorldTest" name="testMoveUpIntoWallLeavesPositionUnchanged"/>
  <testcase time="0" classname="aima.test.core.unit.environment.cellworld.CellWorldTest" name="testMoveLeftIntoRemovedCellLeavesPositionUnchanged"/>
  <testcase time="0" classname="aima.test.core.unit.environment.cellworld.CellWorldTest" name="testMoveLeftIntoAdjacentCellChangesPositionCorrectly"/>
  <testcase time="0" classname="aima.test.core.unit.environment.cellworld.CellWorldTest" name="testMoveRightIntoAdjacentCellChangesPositionCorrectly"/>
  <testcase time="0" classname="aima.test.core.unit.environment.cellworld.CellWorldTest" name="testMoveUpIntoAdjacentCellChangesPositionCorrectly"/>
  <testcase time="0" classname="aima.test.core.unit.environment.cellworld.CellWorldTest" name="testMoveDownIntoAdjacentCellChangesPositionCorrectly"/>
  <testcase time="0.001" classname="aima.test.core.unit.environment.cellworld.CellWorldTest" name="testMoveDownIntoWallLeavesPositionUnchanged"/>
</testsuite>